<?xml version="1.0" encoding="UTF-8"?>
<testsuite xmlns:xsi="http://www.w3.org/2001/XMLSchema-instance" xsi:noNamespaceSchemaLocation="https://maven.apache.org/surefire/maven-surefire-plugin/xsd/surefire-test-report-3.0.xsd" version="3.0" name="com.example.word.AppTest" time="0.05" tests="1" errors="0" skipped="0" failures="0">
  <properties>
    <property name="java.specification.version" value="23"/>
    <property name="sun.cpu.isalist" value="amd64"/>
    <property name="sun.jnu.encoding" value="MS950"/>
    <property name="java.class.path" value="C:\Users\zxc78\eclipse-workspace\word\target\test-classes;C:\Users\zxc78\eclipse-workspace\word\target\classes;C:\Users\zxc78\.m2\repository\junit\junit\3.8.1\junit-3.8.1.jar;C:\Users\zxc78\.m2\repository\org\apache\poi\poi-ooxml\5.2.3\poi-ooxml-5.2.3.jar;C:\Users\zxc78\.m2\repository\org\apache\poi\poi\5.2.3\poi-5.2.3.jar;C:\Users\zxc78\.m2\repository\commons-codec\commons-codec\1.15\commons-codec-1.15.jar;C:\Users\zxc78\.m2\repository\org\apache\commons\commons-math3\3.6.1\commons-math3-3.6.1.jar;C:\Users\zxc78\.m2\repository\com\zaxxer\SparseBitSet\1.2\SparseBitSet-1.2.jar;C:\Users\zxc78\.m2\repository\org\apache\poi\poi-ooxml-lite\5.2.3\poi-ooxml-lite-5.2.3.jar;C:\Users\zxc78\.m2\repository\org\apache\xmlbeans\xmlbeans\5.1.1\xmlbeans-5.1.1.jar;C:\Users\zxc78\.m2\repository\org\apache\commons\commons-compress\1.21\commons-compress-1.21.jar;C:\Users\zxc78\.m2\repository\commons-io\commons-io\2.11.0\commons-io-2.11.0.jar;C:\Users\zxc78\.m2\repository\com\github\virtuald\curvesapi\1.07\curvesapi-1.07.jar;C:\Users\zxc78\.m2\repository\org\apache\logging\log4j\log4j-api\2.18.0\log4j-api-2.18.0.jar;C:\Users\zxc78\.m2\repository\org\apache\commons\commons-collections4\4.4\commons-collections4-4.4.jar;"/>
    <property name="java.vm.vendor" value="Oracle Corporation"/>
    <property name="sun.arch.data.model" value="64"/>
    <property name="user.variant" value=""/>
    <property name="java.vendor.url" value="https://java.oracle.com/"/>
    <property name="user.timezone" value="Asia/Taipei"/>
    <property name="os.name" value="Windows 11"/>
    <property name="java.vm.specification.version" value="23"/>
    <property name="sun.java.launcher" value="SUN_STANDARD"/>
    <property name="user.country" value="TW"/>
    <property name="sun.boot.library.path" value="C:\Program Files\Java\jdk-23\bin"/>
    <property name="sun.java.command" value="C:\Users\zxc78\AppData\Local\Temp\surefire11692243500537005147\surefirebooter-20250226204054527_3.jar C:\Users\zxc78\AppData\Local\Temp\surefire11692243500537005147 2025-02-26T20-40-54_395-jvmRun1 surefire-20250226204054527_1tmp surefire_0-20250226204054527_2tmp"/>
    <property name="jdk.debug" value="release"/>
    <property name="surefire.test.class.path" value="C:\Users\zxc78\eclipse-workspace\word\target\test-classes;C:\Users\zxc78\eclipse-workspace\word\target\classes;C:\Users\zxc78\.m2\repository\junit\junit\3.8.1\junit-3.8.1.jar;C:\Users\zxc78\.m2\repository\org\apache\poi\poi-ooxml\5.2.3\poi-ooxml-5.2.3.jar;C:\Users\zxc78\.m2\repository\org\apache\poi\poi\5.2.3\poi-5.2.3.jar;C:\Users\zxc78\.m2\repository\commons-codec\commons-codec\1.15\commons-codec-1.15.jar;C:\Users\zxc78\.m2\repository\org\apache\commons\commons-math3\3.6.1\commons-math3-3.6.1.jar;C:\Users\zxc78\.m2\repository\com\zaxxer\SparseBitSet\1.2\SparseBitSet-1.2.jar;C:\Users\zxc78\.m2\repository\org\apache\poi\poi-ooxml-lite\5.2.3\poi-ooxml-lite-5.2.3.jar;C:\Users\zxc78\.m2\repository\org\apache\xmlbeans\xmlbeans\5.1.1\xmlbeans-5.1.1.jar;C:\Users\zxc78\.m2\repository\org\apache\commons\commons-compress\1.21\commons-compress-1.21.jar;C:\Users\zxc78\.m2\repository\commons-io\commons-io\2.11.0\commons-io-2.11.0.jar;C:\Users\zxc78\.m2\repository\com\github\virtuald\curvesapi\1.07\curvesapi-1.07.jar;C:\Users\zxc78\.m2\repository\org\apache\logging\log4j\log4j-api\2.18.0\log4j-api-2.18.0.jar;C:\Users\zxc78\.m2\repository\org\apache\commons\commons-collections4\4.4\commons-collections4-4.4.jar;"/>
    <property name="sun.cpu.endian" value="little"/>
    <property name="user.home" value="C:\Users\zxc78"/>
    <property name="user.language" value="zh"/>
    <property name="java.specification.vendor" value="Oracle Corporation"/>
    <property name="java.version.date" value="2024-10-15"/>
    <property name="java.home" value="C:\Program Files\Java\jdk-23"/>
    <property name="file.separator" value="\"/>
    <property name="basedir" value="C:\Users\zxc78\eclipse-workspace\word"/>
    <property name="java.vm.compressedOopsMode" value="Zero based"/>
    <property name="line.separator" value="&#10;"/>
    <property name="java.vm.specification.vendor" value="Oracle Corporation"/>
    <property name="java.specification.name" value="Java Platform API Specification"/>
    <property name="surefire.real.class.path" value="C:\Users\zxc78\AppData\Local\Temp\surefire11692243500537005147\surefirebooter-20250226204054527_3.jar"/>
    <property name="user.script" value=""/>
    <property name="sun.management.compiler" value="HotSpot 64-Bit Tiered Compilers"/>
    <property name="java.runtime.version" value="23.0.1+11-39"/>
    <property name="user.name" value="zxc78"/>
    <property name="stdout.encoding" value="MS950"/>
    <property name="path.separator" value=";"/>
    <property name="os.version" value="10.0"/>
    <property name="java.runtime.name" value="Java(TM) SE Runtime Environment"/>
    <property name="file.encoding" value="UTF-8"/>
    <property name="java.vm.name" value="Java HotSpot(TM) 64-Bit Server VM"/>
    <property name="localRepository" value="C:\Users\zxc78\.m2\repository"/>
    <property name="java.vendor.url.bug" value="https://bugreport.java.com/bugreport/"/>
    <property name="java.io.tmpdir" value="C:\Users\zxc78\AppData\Local\Temp\"/>
    <property name="java.version" value="23.0.1"/>
    <property name="user.dir" value="C:\Users\zxc78\eclipse-workspace\word"/>
    <property name="os.arch" value="amd64"/>
    <property name="java.vm.specification.name" value="Java Virtual Machine Specification"/>
    <property name="sun.os.patch.level" value=""/>
    <property name="native.encoding" value="MS950"/>
    <property name="java.library.path" value="C:\Program Files\Java\jdk-23\bin;C:\WINDOWS\Sun\Java\bin;C:\WINDOWS\system32;C:\WINDOWS;C:\Program Files\Common Files\Oracle\Java\javapath;C:\Program Files (x86)\Common Files\Oracle\Java\java8path;C:\Program Files (x86)\Common Files\Oracle\Java\javapath;D:\apache-maven-3.9.9\bin;C:\Program Files\Git\cmd;D:\apache-maven-3.9.9\bin;C:\Program Files (x86)\Java\jdk-22\bin;D:\apache-maven-3.9.9\bin;C:\Program Files\Java\jdk-23\bin;D:\apache-maven-3.9.9\bin;C:\Program Files\nodejs\;C:\Users\zxc78\AppData\Local\Microsoft\WinGet\Packages\Gyan.FFmpeg_Microsoft.Winget.Source_8wekyb3d8bbwe\ffmpeg-7.1-full_build\bin;C:\Program Files (x86)\Windows Kits\10\Windows Performance Toolkit\;C:\msys64\mingw64\bin;D:\minGW\llvm-mingw-20250114-msvcrt-x86_64\bin;C:\Users\zxc78\AppData\Local\Programs\Python\Python312\Scripts\;C:\Users\zxc78\AppData\Local\Programs\Python\Python312\;C:\Program Files\Java\jdk-23 \bin;C:\Program Files\Java\jdk-23 \bin;C:\Program Files\Java\jdk-23   //更改JDK版本 指令\bin;C:\Program Files\Java\jdk-23   //更改JDK版本 指令\bin;C:\Program Files\Java\jdk-22   //更改JDK版本 指令\bin;C:\Program Files\Java\jdk-22   //更改JDK版本 指令\bin;C:\Program Files\Java\jdk-22  \bin;C:\Program Files\Java\jdk-22\bin;C:\Program Files\MySQL\MySQL Shell 8.0\bin\;C:\Users\zxc78\AppData\Local\Microsoft\WindowsApps;C:\ProgramData\zxc78\GitHubDesktop\bin;C:\Users\zxc78\AppData\Local\Programs\Microsoft VS Code\bin;C:\Program Files\JetBrains\PyCharm 2024.2.3\bin;C:\Users\zxc78\;C:\Users\zxc78\AppData\Roaming\npm;C:\Users\zxc78\AppData\Local\GitHubDesktop\bin;."/>
    <property name="java.vm.info" value="mixed mode, sharing"/>
    <property name="stderr.encoding" value="MS950"/>
    <property name="java.vendor" value="Oracle Corporation"/>
    <property name="java.vm.version" value="23.0.1+11-39"/>
    <property name="sun.io.unicode.encoding" value="UnicodeLittle"/>
    <property name="java.class.version" value="67.0"/>
  </properties>
  <testcase name="testApp" classname="com.example.word.AppTest" time="0.003"/>
</testsuite>